VideoReader/app/build/intermediates/manifest_merge_blame_file/debug/manifest-merger-blame-debug-report.txt
1<?xml version="1.0" encoding="utf-8"?>
2<manifest xmlns:android="http://schemas.android.com/apk/res/android"
3    package="com.example.videoreader"
4    android:versionCode="1"
5    android:versionName="1.1.1" >
6
7    <uses-sdk
8        android:minSdkVersion="22"
8-->src\main\AndroidManifest.xml
9        android:targetSdkVersion="26" />
9-->src\main\AndroidManifest.xml
10
11    <uses-permission android:name="android.permission.ACCESS_WIFI_STATE" />
11-->src\main\AndroidManifest.xml:5:5-76
11-->src\main\AndroidManifest.xml:5:22-73
12    <uses-permission android:name="android.permission.ACCESS_NETWORK_STATE" />
12-->src\main\AndroidManifest.xml:6:5-79
12-->src\main\AndroidManifest.xml:6:22-76
13    <uses-permission android:name="android.permission.READ_EXTERNAL_STORAGE" />
13-->src\main\AndroidManifest.xml:7:5-79
13-->src\main\AndroidManifest.xml:7:22-77
14    <uses-permission android:name="android.permission.WRITE_EXTERNAL_STORAGE" />
14-->src\main\AndroidManifest.xml:8:5-80
14-->src\main\AndroidManifest.xml:8:22-78
15    <uses-permission android:name="android.permission.INTERNET" />
15-->src\main\AndroidManifest.xml:9:5-67
15-->src\main\AndroidManifest.xml:9:22-64
16
17    <application
17-->src\main\AndroidManifest.xml:11:5-29:19
18        android:allowBackup="true"
18-->src\main\AndroidManifest.xml:12:9-35
19        android:debuggable="true"
20        android:icon="@mipmap/ic_launcher"
20-->src\main\AndroidManifest.xml:13:9-43
21        android:label="@string/app_name"
21-->src\main\AndroidManifest.xml:14:9-41
22        android:roundIcon="@mipmap/ic_launcher_round"
22-->src\main\AndroidManifest.xml:15:9-54
23        android:supportsRtl="true"
23-->src\main\AndroidManifest.xml:16:9-35
24        android:testOnly="true"
25        android:theme="@style/AppTheme" >
25-->src\main\AndroidManifest.xml:17:9-40
26        <activity
26-->src\main\AndroidManifest.xml:19:9-28:20
27            android:name="com.example.videoreader.MainActivity"
27-->src\main\AndroidManifest.xml:20:13-41
28            android:screenOrientation="landscape"
28-->src\main\AndroidManifest.xml:21:13-50
29            android:theme="@style/AppTheme" >
29-->src\main\AndroidManifest.xml:22:13-44
30            <intent-filter>
30-->src\main\AndroidManifest.xml:23:13-27:29
31                <action android:name="android.intent.action.MAIN" />
31-->src\main\AndroidManifest.xml:24:17-69
31-->src\main\AndroidManifest.xml:24:25-66
32
33                <category android:name="android.intent.category.LAUNCHER" />
33-->src\main\AndroidManifest.xml:26:17-77
33-->src\main\AndroidManifest.xml:26:27-74
34            </intent-filter>
35        </activity>
36
37        <meta-data
37-->[com.android.support:appcompat-v7:26.1.0] AndroidManifest.xml:26:9-28:38
38            android:name="android.support.VERSION"
38-->[com.android.support:appcompat-v7:26.1.0] AndroidManifest.xml:27:13-51
39            android:value="26.1.0" />
39-->[com.android.support:appcompat-v7:26.1.0] AndroidManifest.xml:28:13-35
40        <meta-data
40-->[android.arch.lifecycle:runtime:1.0.0] AndroidManifest.xml:25:9-27:47
41            android:name="android.arch.lifecycle.VERSION"
41-->[android.arch.lifecycle:runtime:1.0.0] AndroidManifest.xml:26:13-58
42            android:value="27.0.0-SNAPSHOT" />
42-->[android.arch.lifecycle:runtime:1.0.0] AndroidManifest.xml:27:13-44
43    </application>
44
45</manifest>